<?xml version="1.0" encoding="UTF-8"?>
<testng-results ignored="0" total="1" passed="1" failed="0" skipped="0">
  <reporter-output>
  </reporter-output>
  <suite started-at="2026-04-14T22:24:09 IST" name="AutomationSuite" finished-at="2026-04-14T22:24:31 IST" duration-ms="21927">
    <groups>
    </groups>
    <test started-at="2026-04-14T22:24:09 IST" name="EndToEndTest" finished-at="2026-04-14T22:24:31 IST" duration-ms="21927">
      <class name="tests.EndToEndTest">
        <test-method is-config="true" signature="setup()[pri:0, instance:tests.EndToEndTest@75d4a5c2]" started-at="2026-04-14T22:24:09 IST" name="setup" finished-at="2026-04-14T22:24:13 IST" duration-ms="4520" status="PASS">
          <reporter-output>
          </reporter-output>
        </test-method> <!-- setup -->
        <test-method signature="testFullFlow()[pri:0, instance:tests.EndToEndTest@75d4a5c2]" started-at="2026-04-14T22:24:13 IST" name="testFullFlow" finished-at="2026-04-14T22:24:30 IST" duration-ms="16559" status="PASS">
          <reporter-output>
          </reporter-output>
        </test-method> <!-- testFullFlow -->
        <test-method is-config="true" signature="tearDown()[pri:0, instance:tests.EndToEndTest@75d4a5c2]" started-at="2026-04-14T22:24:30 IST" name="tearDown" finished-at="2026-04-14T22:24:31 IST" duration-ms="789" status="PASS">
          <reporter-output>
          </reporter-output>
        </test-method> <!-- tearDown -->
      </class> <!-- tests.EndToEndTest -->
    </test> <!-- EndToEndTest -->
  </suite> <!-- AutomationSuite -->
</testng-results>
