<?xml version="1.0" encoding="UTF-8"?>
<!-- Generated by org.testng.reporters.JUnitReportReporter -->
<testsuite hostname="LAPTOP-2D27B82A" failures="0" tests="3" name="tests.RegisterTest" time="22.771" errors="0" timestamp="2026-04-14T16:23:44 IST" skipped="0">
  <testcase classname="tests.RegisterTest" name="testSignup" time="7.712"/>
  <testcase classname="tests.RegisterTest" name="testSignup" time="6.993"/>
  <testcase classname="tests.RegisterTest" name="testSignup" time="8.066"/>
</testsuite> <!-- tests.RegisterTest -->
