<?xml version="1.0" encoding="UTF-8"?>
<!-- Generated by org.testng.reporters.JUnitXMLReporter -->
<testsuite ignored="0" hostname="LAPTOP-2D27B82A" failures="0" tests="3" name="RegisterTest" time="33.559" errors="0" timestamp="2026-04-14T16:38:28 IST">
  <testcase classname="tests.RegisterTest" name="testFullRegistration" time="6.208"/>
  <testcase classname="tests.RegisterTest" name="testFullRegistration" time="6.513"/>
  <testcase classname="tests.RegisterTest" name="testFullRegistration" time="5.394"/>
</testsuite> <!-- RegisterTest -->
