<?xml version="1.0" encoding="UTF-8"?>
<!-- Generated by org.testng.reporters.JUnitXMLReporter -->
<testsuite ignored="0" hostname="LAPTOP-2D27B82A" failures="0" tests="3" name="RegisterTest" time="22.871" errors="0" timestamp="2026-04-14T16:23:44 IST">
  <testcase classname="tests.RegisterTest" name="testSignup" time="2.487"/>
  <testcase classname="tests.RegisterTest" name="testSignup" time="2.276"/>
  <testcase classname="tests.RegisterTest" name="testSignup" time="3.834"/>
</testsuite> <!-- RegisterTest -->
